<?xml version="1.0" encoding="UTF-8"?>
<testsuite xmlns:xsi="http://www.w3.org/2001/XMLSchema-instance" xsi:noNamespaceSchemaLocation="https://maven.apache.org/surefire/maven-surefire-plugin/xsd/surefire-test-report-3.0.xsd" version="3.0" name="ku.shop.BuyUATTest" time="0.187" tests="4" errors="0" skipped="0" failures="0">
  <properties>
[...]
</properties>
  <testcase name="Buy one product" classname="Buy products" time="0.051">
    <system-out><![CDATA[
Scenario: Buy one product                                      &amp#27;[90m# features/buy.feature:11&amp#27;[0m
  &amp#27;[32mGiven &amp#27;[0m&amp#27;[32mthe store is ready to service customers&amp#27;[0m                &amp#27;[90m# ku.shop.BuyStepdefs.the_store_is_ready_to_service_customers()&amp#27;[0m
  &amp#27;[32mAnd &amp#27;[0m&amp#27;[32ma product &amp#27;[0m&amp#27;[32m&amp#27;[1m"Bread"&amp#27;[0m&amp#27;[32m with price &amp#27;[0m&amp#27;[32m&amp#27;[1m20.50&amp#27;[0m&amp#27;[32m and stock of &amp#27;[0m&amp#27;[32m&amp#27;[1m5&amp#27;[0m&amp#27;[32m exists&amp#27;[0m &amp#27;[90m# ku.shop.BuyStepdefs.a_product_exists(java.lang.String,double,int)&amp#27;[0m
  &amp#27;[32mAnd &amp#27;[0m&amp#27;[32ma product &amp#27;[0m&amp#27;[32m&amp#27;[1m"Jam"&amp#27;[0m&amp#27;[32m with price &amp#27;[0m&amp#27;[32m&amp#27;[1m80.00&amp#27;[0m&amp#27;[32m and stock of &amp#27;[0m&amp#27;[32m&amp#27;[1m10&amp#27;[0m&amp#27;[32m exists&amp#27;[0m  &amp#27;[90m# ku.shop.BuyStepdefs.a_product_exists(java.lang.String,double,int)&amp#27;[0m
  &amp#27;[32mAnd &amp#27;[0m&amp#27;[32ma product &amp#27;[0m&amp#27;[32m&amp#27;[1m"Milk"&amp#27;[0m&amp#27;[32m with price &amp#27;[0m&amp#27;[32m&amp#27;[1m50.00&amp#27;[0m&amp#27;[32m and stock of &amp#27;[0m&amp#27;[32m&amp#27;[1m3&amp#27;[0m&amp#27;[32m exists&amp#27;[0m  &amp#27;[90m# ku.shop.BuyStepdefs.a_product_exists(java.lang.String,double,int)&amp#27;[0m
  &amp#27;[32mWhen &amp#27;[0m&amp#27;[32mI buy &amp#27;[0m&amp#27;[32m&amp#27;[1m"Bread"&amp#27;[0m&amp#27;[32m with quantity &amp#27;[0m&amp#27;[32m&amp#27;[1m2&amp#27;[0m                           &amp#27;[90m# ku.shop.BuyStepdefs.i_buy_with_quantity(java.lang.String,int)&amp#27;[0m
  &amp#27;[32mThen &amp#27;[0m&amp#27;[32mtotal should be &amp#27;[0m&amp#27;[32m&amp#27;[1m41.00&amp#27;[0m                                   &amp#27;[90m# ku.shop.BuyStepdefs.total_should_be(double)&amp#27;[0m
]]></system-out>
  </testcase>
  <testcase name="Buy multiple products" classname="Buy products" time="0.005">
    <system-out><![CDATA[
Scenario: Buy multiple products                                &amp#27;[90m# features/buy.feature:15&amp#27;[0m
  &amp#27;[32mGiven &amp#27;[0m&amp#27;[32mthe store is ready to service customers&amp#27;[0m                &amp#27;[90m# ku.shop.BuyStepdefs.the_store_is_ready_to_service_customers()&amp#27;[0m
  &amp#27;[32mAnd &amp#27;[0m&amp#27;[32ma product &amp#27;[0m&amp#27;[32m&amp#27;[1m"Bread"&amp#27;[0m&amp#27;[32m with price &amp#27;[0m&amp#27;[32m&amp#27;[1m20.50&amp#27;[0m&amp#27;[32m and stock of &amp#27;[0m&amp#27;[32m&amp#27;[1m5&amp#27;[0m&amp#27;[32m exists&amp#27;[0m &amp#27;[90m# ku.shop.BuyStepdefs.a_product_exists(java.lang.String,double,int)&amp#27;[0m
  &amp#27;[32mAnd &amp#27;[0m&amp#27;[32ma product &amp#27;[0m&amp#27;[32m&amp#27;[1m"Jam"&amp#27;[0m&amp#27;[32m with price &amp#27;[0m&amp#27;[32m&amp#27;[1m80.00&amp#27;[0m&amp#27;[32m and stock of &amp#27;[0m&amp#27;[32m&amp#27;[1m10&amp#27;[0m&amp#27;[32m exists&amp#27;[0m  &amp#27;[90m# ku.shop.BuyStepdefs.a_product_exists(java.lang.String,double,int)&amp#27;[0m
  &amp#27;[32mAnd &amp#27;[0m&amp#27;[32ma product &amp#27;[0m&amp#27;[32m&amp#27;[1m"Milk"&amp#27;[0m&amp#27;[32m with price &amp#27;[0m&amp#27;[32m&amp#27;[1m50.00&amp#27;[0m&amp#27;[32m and stock of &amp#27;[0m&amp#27;[32m&amp#27;[1m3&amp#27;[0m&amp#27;[32m exists&amp#27;[0m  &amp#27;[90m# ku.shop.BuyStepdefs.a_product_exists(java.lang.String,double,int)&amp#27;[0m
  &amp#27;[32mWhen &amp#27;[0m&amp#27;[32mI buy &amp#27;[0m&amp#27;[32m&amp#27;[1m"Bread"&amp#27;[0m&amp#27;[32m with quantity &amp#27;[0m&amp#27;[32m&amp#27;[1m2&amp#27;[0m                           &amp#27;[90m# ku.shop.BuyStepdefs.i_buy_with_quantity(java.lang.String,int)&amp#27;[0m
  &amp#27;[32mAnd &amp#27;[0m&amp#27;[32mI buy &amp#27;[0m&amp#27;[32m&amp#27;[1m"Jam"&amp#27;[0m&amp#27;[32m with quantity &amp#27;[0m&amp#27;[32m&amp#27;[1m1&amp#27;[0m                              &amp#27;[90m# ku.shop.BuyStepdefs.i_buy_with_quantity(java.lang.String,int)&amp#27;[0m
  &amp#27;[32mThen &amp#27;[0m&amp#27;[32mtotal should be &amp#27;[0m&amp#27;[32m&amp#27;[1m121.00&amp#27;[0m                                  &amp#27;[90m# ku.shop.BuyStepdefs.total_should_be(double)&amp#27;[0m
]]></system-out>
  </testcase>
  <testcase name="Buy three products" classname="Buy products" time="0.005">
    <system-out><![CDATA[
Scenario: Buy three products                                   &amp#27;[90m# features/buy.feature:20&amp#27;[0m
  &amp#27;[32mGiven &amp#27;[0m&amp#27;[32mthe store is ready to service customers&amp#27;[0m                &amp#27;[90m# ku.shop.BuyStepdefs.the_store_is_ready_to_service_customers()&amp#27;[0m
  &amp#27;[32mAnd &amp#27;[0m&amp#27;[32ma product &amp#27;[0m&amp#27;[32m&amp#27;[1m"Bread"&amp#27;[0m&amp#27;[32m with price &amp#27;[0m&amp#27;[32m&amp#27;[1m20.50&amp#27;[0m&amp#27;[32m and stock of &amp#27;[0m&amp#27;[32m&amp#27;[1m5&amp#27;[0m&amp#27;[32m exists&amp#27;[0m &amp#27;[90m# ku.shop.BuyStepdefs.a_product_exists(java.lang.String,double,int)&amp#27;[0m
  &amp#27;[32mAnd &amp#27;[0m&amp#27;[32ma product &amp#27;[0m&amp#27;[32m&amp#27;[1m"Jam"&amp#27;[0m&amp#27;[32m with price &amp#27;[0m&amp#27;[32m&amp#27;[1m80.00&amp#27;[0m&amp#27;[32m and stock of &amp#27;[0m&amp#27;[32m&amp#27;[1m10&amp#27;[0m&amp#27;[32m exists&amp#27;[0m  &amp#27;[90m# ku.shop.BuyStepdefs.a_product_exists(java.lang.String,double,int)&amp#27;[0m
  &amp#27;[32mAnd &amp#27;[0m&amp#27;[32ma product &amp#27;[0m&amp#27;[32m&amp#27;[1m"Milk"&amp#27;[0m&amp#27;[32m with price &amp#27;[0m&amp#27;[32m&amp#27;[1m50.00&amp#27;[0m&amp#27;[32m and stock of &amp#27;[0m&amp#27;[32m&amp#27;[1m3&amp#27;[0m&amp#27;[32m exists&amp#27;[0m  &amp#27;[90m# ku.shop.BuyStepdefs.a_product_exists(java.lang.String,double,int)&amp#27;[0m
  &amp#27;[32mWhen &amp#27;[0m&amp#27;[32mI buy &amp#27;[0m&amp#27;[32m&amp#27;[1m"Bread"&amp#27;[0m&amp#27;[32m with quantity &amp#27;[0m&amp#27;[32m&amp#27;[1m2&amp#27;[0m                           &amp#27;[90m# ku.shop.BuyStepdefs.i_buy_with_quantity(java.lang.String,int)&amp#27;[0m
  &amp#27;[32mAnd &amp#27;[0m&amp#27;[32mI buy &amp#27;[0m&amp#27;[32m&amp#27;[1m"Jam"&amp#27;[0m&amp#27;[32m with quantity &amp#27;[0m&amp#27;[32m&amp#27;[1m1&amp#27;[0m                              &amp#27;[90m# ku.shop.BuyStepdefs.i_buy_with_quantity(java.lang.String,int)&amp#27;[0m
  &amp#27;[32mAnd &amp#27;[0m&amp#27;[32mI buy &amp#27;[0m&amp#27;[32m&amp#27;[1m"Milk"&amp#27;[0m&amp#27;[32m with quantity &amp#27;[0m&amp#27;[32m&amp#27;[1m3&amp#27;[0m                             &amp#27;[90m# ku.shop.BuyStepdefs.i_buy_with_quantity(java.lang.String,int)&amp#27;[0m
  &amp#27;[32mThen &amp#27;[0m&amp#27;[32mtotal should be &amp#27;[0m&amp#27;[32m&amp#27;[1m271&amp#27;[0m                                     &amp#27;[90m# ku.shop.BuyStepdefs.total_should_be(double)&amp#27;[0m
]]></system-out>
  </testcase>
  <testcase name="Buy product with insufficient stock" classname="Buy products" time="0.008">
    <system-out><![CDATA[
Scenario: Buy product with insufficient stock                         &amp#27;[90m# features/buy.feature:26&amp#27;[0m
  &amp#27;[32mGiven &amp#27;[0m&amp#27;[32mthe store is ready to service customers&amp#27;[0m                       &amp#27;[90m# ku.shop.BuyStepdefs.the_store_is_ready_to_service_customers()&amp#27;[0m
  &amp#27;[32mAnd &amp#27;[0m&amp#27;[32ma product &amp#27;[0m&amp#27;[32m&amp#27;[1m"Bread"&amp#27;[0m&amp#27;[32m with price &amp#27;[0m&amp#27;[32m&amp#27;[1m20.50&amp#27;[0m&amp#27;[32m and stock of &amp#27;[0m&amp#27;[32m&amp#27;[1m5&amp#27;[0m&amp#27;[32m exists&amp#27;[0m        &amp#27;[90m# ku.shop.BuyStepdefs.a_product_exists(java.lang.String,double,int)&amp#27;[0m
  &amp#27;[32mAnd &amp#27;[0m&amp#27;[32ma product &amp#27;[0m&amp#27;[32m&amp#27;[1m"Jam"&amp#27;[0m&amp#27;[32m with price &amp#27;[0m&amp#27;[32m&amp#27;[1m80.00&amp#27;[0m&amp#27;[32m and stock of &amp#27;[0m&amp#27;[32m&amp#27;[1m10&amp#27;[0m&amp#27;[32m exists&amp#27;[0m         &amp#27;[90m# ku.shop.BuyStepdefs.a_product_exists(java.lang.String,double,int)&amp#27;[0m
  &amp#27;[32mAnd &amp#27;[0m&amp#27;[32ma product &amp#27;[0m&amp#27;[32m&amp#27;[1m"Milk"&amp#27;[0m&amp#27;[32m with price &amp#27;[0m&amp#27;[32m&amp#27;[1m50.00&amp#27;[0m&amp#27;[32m and stock of &amp#27;[0m&amp#27;[32m&amp#27;[1m3&amp#27;[0m&amp#27;[32m exists&amp#27;[0m         &amp#27;[90m# ku.shop.BuyStepdefs.a_product_exists(java.lang.String,double,int)&amp#27;[0m
  &amp#27;[32mWhen &amp#27;[0m&amp#27;[32mI buy &amp#27;[0m&amp#27;[32m&amp#27;[1m"Bread"&amp#27;[0m&amp#27;[32m with quantity &amp#27;[0m&amp#27;[32m&amp#27;[1m10&amp#27;[0m                                 &amp#27;[90m# ku.shop.BuyStepdefs.i_buy_with_quantity(java.lang.String,int)&amp#27;[0m
  &amp#27;[32mThen &amp#27;[0m&amp#27;[32mI should see an error message &amp#27;[0m&amp#27;[32m&amp#27;[1m"Product Bread is out of stock."&amp#27;[0m &amp#27;[90m# ku.shop.BuyStepdefs.i_should_see_an_error_message(java.lang.String)&amp#27;[0m
]]></system-out>
  </testcase>
</testsuite>